EDA Netlist Writer report for 7_and_11
Thu Sep 24 12:05:21 2015
Quartus II 64-Bit Version 15.0.2 Build 153 07/15/2015 SJ Web Edition


---------------------
; Table of Contents ;
---------------------
  1. Legal Notice
  2. EDA Netlist Writer Summary
  3. Simulation Settings
  4. Simulation Generated Files
  5. EDA Netlist Writer Messages



----------------
; Legal Notice ;
----------------
Copyright (C) 1991-2015 Altera Corporation. All rights reserved.
Your use of Altera Corporation's design tools, logic functions 
and other software and tools, and its AMPP partner logic 
functions, and any output files from any of the foregoing 
(including device programming or simulation files), and any 
associated documentation or information are expressly subject 
to the terms and conditions of the Altera Program License 
Subscription Agreement, the Altera Quartus II License Agreement,
the Altera MegaCore Function License Agreement, or other 
applicable license agreement, including, without limitation, 
that your use is for the sole purpose of programming logic 
devices manufactured by Altera and sold by Altera or its 
authorized distributors.  Please refer to the applicable 
agreement for further details.



+-------------------------------------------------------------------+
; EDA Netlist Writer Summary                                        ;
+---------------------------+---------------------------------------+
; EDA Netlist Writer Status ; Successful - Thu Sep 24 12:05:21 2015 ;
; Revision Name             ; 7_and_11                              ;
; Top-level Entity Name     ; 7_and_11                              ;
; Family                    ; Cyclone V                             ;
; Simulation Files Creation ; Successful                            ;
+---------------------------+---------------------------------------+


+-------------------------------------------------------------------------------------------------------------------------------+
; Simulation Settings                                                                                                           ;
+---------------------------------------------------------------------------------------------------+---------------------------+
; Option                                                                                            ; Setting                   ;
+---------------------------------------------------------------------------------------------------+---------------------------+
; Tool Name                                                                                         ; ModelSim-Altera (Verilog) ;
; Generate netlist for functional simulation only                                                   ; On                        ;
; Truncate long hierarchy paths                                                                     ; Off                       ;
; Map illegal HDL characters                                                                        ; Off                       ;
; Flatten buses into individual nodes                                                               ; Off                       ;
; Maintain hierarchy                                                                                ; Off                       ;
; Bring out device-wide set/reset signals as ports                                                  ; Off                       ;
; Enable glitch filtering                                                                           ; Off                       ;
; Do not write top level VHDL entity                                                                ; Off                       ;
; Disable detection of setup and hold time violations in the input registers of bi-directional pins ; Off                       ;
; Architecture name in VHDL output netlist                                                          ; structure                 ;
; Generate third-party EDA tool command script for RTL functional simulation                        ; Off                       ;
; Generate third-party EDA tool command script for gate-level simulation                            ; Off                       ;
+---------------------------------------------------------------------------------------------------+---------------------------+


+----------------------------------------------------------------------+
; Simulation Generated Files                                           ;
+----------------------------------------------------------------------+
; Generated Files                                                      ;
+----------------------------------------------------------------------+
; C:/Users/97wes/Altera Projects/7_and_11/simulation/qsim//7_and_11.vo ;
+----------------------------------------------------------------------+


+-----------------------------+
; EDA Netlist Writer Messages ;
+-----------------------------+
Info: *******************************************************************
Info: Running Quartus II 64-Bit EDA Netlist Writer
    Info: Version 15.0.2 Build 153 07/15/2015 SJ Web Edition
    Info: Copyright (C) 1991-2015 Altera Corporation. All rights reserved.
    Info: Your use of Altera Corporation's design tools, logic functions 
    Info: and other software and tools, and its AMPP partner logic 
    Info: functions, and any output files from any of the foregoing 
    Info: (including device programming or simulation files), and any 
    Info: associated documentation or information are expressly subject 
    Info: to the terms and conditions of the Altera Program License 
    Info: Subscription Agreement, the Altera Quartus II License Agreement,
    Info: the Altera MegaCore Function License Agreement, or other 
    Info: applicable license agreement, including, without limitation, 
    Info: that your use is for the sole purpose of programming logic 
    Info: devices manufactured by Altera and sold by Altera or its 
    Info: authorized distributors.  Please refer to the applicable 
    Info: agreement for further details.
    Info: Processing started: Thu Sep 24 12:05:20 2015
Info: Command: quartus_eda --write_settings_files=off --functional=on --flatten_buses=off --simulation=on --tool=modelsim_oem --format=verilog --output_directory="C:/Users/97wes/Altera Projects/7_and_11/simulation/qsim/" 7_and_11 -c 7_and_11
Warning (20013): Ignored assignments for entity "between7_11" -- entity does not exist in design
    Warning (20014): Assignment for entity set_instance_assignment -name PARTITION_HIERARCHY root_partition -to | -section_id Top was ignored
    Warning (20014): Assignment for entity set_global_assignment -name PARTITION_NETLIST_TYPE SOURCE -section_id Top was ignored
    Warning (20014): Assignment for entity set_global_assignment -name PARTITION_FITTER_PRESERVATION_LEVEL PLACEMENT_AND_ROUTING -section_id Top was ignored
    Warning (20014): Assignment for entity set_global_assignment -name PARTITION_PRESERVE_HIGH_SPEED_TILES ON -section_id Top was ignored
    Warning (20014): Assignment for entity set_global_assignment -name PARTITION_IGNORE_SOURCE_FILE_CHANGES OFF -section_id Top was ignored
    Warning (20014): Assignment for entity set_global_assignment -name PARTITION_ALWAYS_USE_QXP_NETLIST OFF -section_id Top was ignored
    Warning (20014): Assignment for entity set_global_assignment -name PARTITION_COLOR 16764057 -section_id Top was ignored
    Warning (20014): Assignment for entity set_global_assignment -name PARTITION_IMPORT_ASSIGNMENTS ON -section_id Top was ignored
    Warning (20014): Assignment for entity set_global_assignment -name PARTITION_IMPORT_EXISTING_ASSIGNMENTS REPLACE_CONFLICTING -section_id Top was ignored
    Warning (20014): Assignment for entity set_global_assignment -name PARTITION_IMPORT_EXISTING_LOGICLOCK_REGIONS UPDATE_CONFLICTING -section_id Top was ignored
    Warning (20014): Assignment for entity set_global_assignment -name PARTITION_IMPORT_PIN_ASSIGNMENTS ON -section_id Top was ignored
    Warning (20014): Assignment for entity set_global_assignment -name PARTITION_IMPORT_PROMOTE_ASSIGNMENTS ON -section_id Top was ignored
    Warning (20014): Assignment for entity set_global_assignment -name PARTITION_TYPE STANDARD_PARTITION -section_id Top was ignored
    Warning (20014): Assignment for entity set_global_assignment -name ALLOW_MULTIPLE_PERSONAS OFF -section_id Top was ignored
    Warning (20014): Assignment for entity set_global_assignment -name PARTITION_ASD_REGION_ID 1 -section_id Top was ignored
    Warning (20014): Assignment for entity set_global_assignment -name CROSS_BOUNDARY_OPTIMIZATIONS OFF -section_id Top was ignored
    Warning (20014): Assignment for entity set_global_assignment -name PROPAGATE_CONSTANTS_ON_INPUTS ON -section_id Top was ignored
    Warning (20014): Assignment for entity set_global_assignment -name PROPAGATE_INVERSIONS_ON_INPUTS ON -section_id Top was ignored
    Warning (20014): Assignment for entity set_global_assignment -name REMOVE_LOGIC_ON_UNCONNECTED_OUTPUTS ON -section_id Top was ignored
    Warning (20014): Assignment for entity set_global_assignment -name MERGE_EQUIVALENT_INPUTS ON -section_id Top was ignored
    Warning (20014): Assignment for entity set_global_assignment -name MERGE_EQUIVALENT_BIDIRS ON -section_id Top was ignored
    Warning (20014): Assignment for entity set_global_assignment -name ABSORB_PATHS_FROM_OUTPUTS_TO_INPUTS ON -section_id Top was ignored
    Warning (20014): Assignment for entity set_global_assignment -name PARTITION_EXTRACT_HARD_BLOCK_NODES ON -section_id Top was ignored
    Warning (20014): Assignment for entity set_global_assignment -name PARTITION_ENABLE_STRICT_PRESERVATION OFF -section_id Top was ignored
Info (204019): Generated file 7_and_11.vo in folder "C:/Users/97wes/Altera Projects/7_and_11/simulation/qsim//" for EDA simulation tool
Info: Quartus II 64-Bit EDA Netlist Writer was successful. 0 errors, 25 warnings
    Info: Peak virtual memory: 646 megabytes
    Info: Processing ended: Thu Sep 24 12:05:21 2015
    Info: Elapsed time: 00:00:01
    Info: Total CPU time (on all processors): 00:00:01


